[debug] [2021-01-28T13:03:26.967Z] ----------------------------------------------------------------------
[debug] [2021-01-28T13:03:26.973Z] Command:       C:\Program Files\nodejs\node.exe C:\Users\LENOVO\AppData\Roaming\npm\node_modules\firebase-tools\lib\bin\firebase.js use --add
[debug] [2021-01-28T13:03:26.974Z] CLI Version:   9.2.2
[debug] [2021-01-28T13:03:26.974Z] Platform:      win32
[debug] [2021-01-28T13:03:26.974Z] Node Version:  v12.16.3
[debug] [2021-01-28T13:03:26.978Z] Time:          Thu Jan 28 2021 20:03:26 GMT+0700 (Western Indonesia Time)
[debug] [2021-01-28T13:03:26.978Z] ----------------------------------------------------------------------
[debug] [2021-01-28T13:03:26.978Z] 
[debug] [2021-01-28T13:03:26.983Z] >>> [apiv2][query] GET https://firebase-public.firebaseio.com/cli.json [none]
[debug] [2021-01-28T13:03:27.029Z] > command requires scopes: ["email","openid","https://www.googleapis.com/auth/cloudplatformprojects.readonly","https://www.googleapis.com/auth/firebase","https://www.googleapis.com/auth/cloud-platform"]
[debug] [2021-01-28T13:03:27.032Z] > authorizing via signed-in user
[debug] [2021-01-28T13:03:27.041Z] >>> [apiv2][query] GET https://firebase.googleapis.com/v1beta1/projects pageSize=1000
[debug] [2021-01-28T13:03:27.160Z] Failed to make request to https://firebase.googleapis.com/v1beta1/projects?pageSize=1000
[debug] [2021-01-28T13:03:27.288Z] FirebaseError: Failed to make request to https://firebase.googleapis.com/v1beta1/projects?pageSize=1000
    at Client.doRequest (C:\Users\LENOVO\AppData\Roaming\npm\node_modules\firebase-tools\lib\apiv2.js:194:19)
    at processTicksAndRejections (internal/process/task_queues.js:97:5)
[error] 
[error] Error: Failed to list Firebase projects. See firebase-debug.log for more info.
[debug] [2021-01-28T13:03:46.069Z] ----------------------------------------------------------------------
[debug] [2021-01-28T13:03:46.074Z] Command:       C:\Program Files\nodejs\node.exe C:\Users\LENOVO\AppData\Roaming\npm\node_modules\firebase-tools\lib\bin\firebase.js init
[debug] [2021-01-28T13:03:46.075Z] CLI Version:   9.2.2
[debug] [2021-01-28T13:03:46.075Z] Platform:      win32
[debug] [2021-01-28T13:03:46.075Z] Node Version:  v12.16.3
[debug] [2021-01-28T13:03:46.079Z] Time:          Thu Jan 28 2021 20:03:46 GMT+0700 (Western Indonesia Time)
[debug] [2021-01-28T13:03:46.079Z] ----------------------------------------------------------------------
[debug] [2021-01-28T13:03:46.079Z] 
[debug] [2021-01-28T13:03:46.085Z] >>> [apiv2][query] GET https://firebase-public.firebaseio.com/cli.json [none]
[debug] [2021-01-28T13:03:46.136Z] > command requires scopes: ["email","openid","https://www.googleapis.com/auth/cloudplatformprojects.readonly","https://www.googleapis.com/auth/firebase","https://www.googleapis.com/auth/cloud-platform"]
[debug] [2021-01-28T13:03:46.137Z] > authorizing via signed-in user
[info] 
     ######## #### ########  ######## ########     ###     ######  ########
     ##        ##  ##     ## ##       ##     ##  ##   ##  ##       ##
     ######    ##  ########  ######   ########  #########  ######  ######
     ##        ##  ##    ##  ##       ##     ## ##     ##       ## ##
     ##       #### ##     ## ######## ########  ##     ##  ######  ########

You're about to initialize a Firebase project in this directory:

  F:\My Files\Renald Coding\freeCodeCamp.org\React - Chat App (Firebase)\superchat

Before we get started, keep in mind:

  * You are initializing in an existing Firebase project directory

[info] 
=== Project Setup
[info] 
[info] First, let's associate this project directory with a Firebase project.
[info] You can create multiple project aliases by running firebase use --add, 
[info] but for now we'll just set up a default project.
[info] 
[info] i  If you want to create a project in a Google Cloud organization or folder, please use "firebase projects:create" instead, and return to this command when you've created the project. 
[debug] [2021-01-28T13:04:17.910Z] > refreshing access token with scopes: ["email","https://www.googleapis.com/auth/cloud-platform","https://www.googleapis.com/auth/cloudplatformprojects.readonly","https://www.googleapis.com/auth/firebase","openid"]
[debug] [2021-01-28T13:04:17.911Z] >>> HTTP REQUEST POST https://www.googleapis.com/oauth2/v3/token  
 <request body omitted>
[debug] [2021-01-28T13:04:18.134Z] FirebaseError: Authentication Error: Your credentials are no longer valid. Please run firebase login --reauth

For CI servers and headless environments, generate a new token with firebase login:ci
    at Object.<anonymous> (C:\Users\LENOVO\AppData\Roaming\npm\node_modules\firebase-tools\lib\auth.js:23:32)
    at Module._compile (internal/modules/cjs/loader.js:1133:30)
    at Object.Module._extensions..js (internal/modules/cjs/loader.js:1153:10)
    at Module.load (internal/modules/cjs/loader.js:977:32)
    at Function.Module._load (internal/modules/cjs/loader.js:877:14)
    at Module.require (internal/modules/cjs/loader.js:1019:19)
    at require (internal/modules/cjs/helpers.js:77:18)
    at Object.<anonymous> (C:\Users\LENOVO\AppData\Roaming\npm\node_modules\firebase-tools\lib\init\features\hosting\github.js:11:16)
    at Module._compile (internal/modules/cjs/loader.js:1133:30)
    at Object.Module._extensions..js (internal/modules/cjs/loader.js:1153:10)
    at Module.load (internal/modules/cjs/loader.js:977:32)
    at Function.Module._load (internal/modules/cjs/loader.js:877:14)
    at Module.require (internal/modules/cjs/loader.js:1019:19)
    at require (internal/modules/cjs/helpers.js:77:18)
    at Object.<anonymous> (C:\Users\LENOVO\AppData\Roaming\npm\node_modules\firebase-tools\lib\init\features\hosting\index.js:5:24)
    at Module._compile (internal/modules/cjs/loader.js:1133:30)
[error] 
[error] Error: Failed to create project. See firebase-debug.log for more info.
[debug] [2021-01-28T13:05:02.447Z] ----------------------------------------------------------------------
[debug] [2021-01-28T13:05:02.451Z] Command:       C:\Program Files\nodejs\node.exe C:\Users\LENOVO\AppData\Roaming\npm\node_modules\firebase-tools\lib\bin\firebase.js init
[debug] [2021-01-28T13:05:02.452Z] CLI Version:   9.2.2
[debug] [2021-01-28T13:05:02.452Z] Platform:      win32
[debug] [2021-01-28T13:05:02.452Z] Node Version:  v12.16.3
[debug] [2021-01-28T13:05:02.456Z] Time:          Thu Jan 28 2021 20:05:02 GMT+0700 (Western Indonesia Time)
[debug] [2021-01-28T13:05:02.456Z] ----------------------------------------------------------------------
[debug] [2021-01-28T13:05:02.456Z] 
[debug] [2021-01-28T13:05:02.462Z] >>> [apiv2][query] GET https://firebase-public.firebaseio.com/cli.json [none]
[debug] [2021-01-28T13:05:02.514Z] > command requires scopes: ["email","openid","https://www.googleapis.com/auth/cloudplatformprojects.readonly","https://www.googleapis.com/auth/firebase","https://www.googleapis.com/auth/cloud-platform"]
[debug] [2021-01-28T13:05:02.516Z] > authorizing via signed-in user
[info] 
     ######## #### ########  ######## ########     ###     ######  ########
     ##        ##  ##     ## ##       ##     ##  ##   ##  ##       ##
     ######    ##  ########  ######   ########  #########  ######  ######
     ##        ##  ##    ##  ##       ##     ## ##     ##       ## ##
     ##       #### ##     ## ######## ########  ##     ##  ######  ########

You're about to initialize a Firebase project in this directory:

  F:\My Files\Renald Coding\freeCodeCamp.org\React - Chat App (Firebase)\superchat

Before we get started, keep in mind:

  * You are initializing in an existing Firebase project directory

[info] 
=== Project Setup
[info] 
[info] First, let's associate this project directory with a Firebase project.
[info] You can create multiple project aliases by running firebase use --add, 
[info] but for now we'll just set up a default project.
[info] 
[debug] [2021-01-28T13:05:10.182Z] >>> [apiv2][query] GET https://firebase.googleapis.com/v1beta1/projects pageSize=100
[debug] [2021-01-28T13:05:10.277Z] Failed to make request to https://firebase.googleapis.com/v1beta1/projects?pageSize=100
[debug] [2021-01-28T13:05:10.405Z] FirebaseError: Failed to make request to https://firebase.googleapis.com/v1beta1/projects?pageSize=100
    at Client.doRequest (C:\Users\LENOVO\AppData\Roaming\npm\node_modules\firebase-tools\lib\apiv2.js:194:19)
    at processTicksAndRejections (internal/process/task_queues.js:97:5)
[error] 
[error] Error: Failed to list Firebase projects. See firebase-debug.log for more info.
